2017-12-16 22:07:25,976:DEBUG:discord.client: on_ready has successfully been registered as an event
2017-12-16 22:07:25,977:INFO:discord.client: logging in using static token
2017-12-16 22:07:27,022:DEBUG:discord.http: GET https://discordapp.com/api/v7/users/@me with None has returned 200
2017-12-16 22:07:27,022:DEBUG:discord.http: GET https://discordapp.com/api/v7/users/@me has received {'bot': True, 'email': None, 'discriminator': '0322', 'mfa_enabled': True, 'id': '391800445112287252', 'avatar': '8aa5dd9a79fc7f7940cc32750abf7487', 'username': 'Stunning-Image', 'verified': True}
2017-12-16 22:07:27,062:DEBUG:discord.http: GET https://discordapp.com/api/v7/gateway with None has returned 200
2017-12-16 22:07:27,062:DEBUG:discord.http: GET https://discordapp.com/api/v7/gateway has received {'url': 'wss://gateway.discord.gg'}
2017-12-16 22:07:28,603:INFO:discord.gateway: Created websocket connected to wss://gateway.discord.gg?encoding=json&v=6&compress=zlib-stream
2017-12-16 22:07:28,604:DEBUG:discord.client: Dispatching event socket_raw_receive
2017-12-16 22:07:28,604:DEBUG:discord.gateway: For Shard ID None: WebSocket Event: {'s': None, 't': None, 'op': 10, 'd': {'heartbeat_interval': 41250, '_trace': ['gateway-prd-main-4qc1']}}
2017-12-16 22:07:28,604:DEBUG:discord.client: Dispatching event socket_response
2017-12-16 22:07:28,605:INFO:discord.gateway: Shard ID None has sent the IDENTIFY payload.
2017-12-16 22:07:29,177:DEBUG:discord.client: Dispatching event socket_raw_receive
2017-12-16 22:07:29,177:DEBUG:discord.gateway: For Shard ID None: WebSocket Event: {'s': None, 't': None, 'op': 11, 'd': None}
2017-12-16 22:07:29,177:DEBUG:discord.client: Dispatching event socket_response
2017-12-16 22:07:29,214:DEBUG:discord.client: Dispatching event socket_raw_receive
2017-12-16 22:07:29,214:DEBUG:discord.gateway: For Shard ID None: WebSocket Event: {'s': 1, 't': 'READY', 'op': 0, 'd': {'private_channels': [], 'user_settings': {}, 'guilds': [{'id': '254816623989358602', 'unavailable': True}], 'user': {'email': None, 'mfa_enabled': True, 'id': '391800445112287252', 'discriminator': '0322', 'avatar': '8aa5dd9a79fc7f7940cc32750abf7487', 'username': 'Stunning-Image', 'bot': True, 'verified': True}, 'v': 6, 'relationships': [], '_trace': ['gateway-prd-main-4qc1', 'discord-sessions-prd-1-5'], 'session_id': '4d22bfee0bc87adba4a6b59849d6ebd6', 'presences': []}}
2017-12-16 22:07:29,214:DEBUG:discord.client: Dispatching event socket_response
2017-12-16 22:07:29,214:INFO:discord.gateway: Shard ID None has connected to Gateway: gateway-prd-main-4qc1, discord-sessions-prd-1-5 (Session ID: 4d22bfee0bc87adba4a6b59849d6ebd6).
2017-12-16 22:07:29,214:DEBUG:discord.client: Dispatching event connect
2017-12-16 22:07:29,217:DEBUG:discord.client: Dispatching event socket_raw_receive
2017-12-16 22:07:29,217:DEBUG:discord.gateway: For Shard ID None: WebSocket Event: {'s': 2, 't': 'GUILD_CREATE', 'op': 0, 'd': {'mfa_level': 0, 'name': "Aidan's Laboratory", 'presences': [{'user': {'id': '108689770716069888'}, 'game': None, 'status': 'dnd'}, {'user': {'id': '131584900452057098'}, 'game': {'name': 'Hand Simulator', 'timestamps': {'start': 1513482923615}, 'type': 0}, 'status': 'online'}, {'user': {'id': '149969921424621569'}, 'game': None, 'status': 'dnd'}, {'user': {'id': '159148610754314241'}, 'game': None, 'status': 'online'}, {'user': {'id': '206922134948282379'}, 'game': None, 'status': 'online'}, {'user': {'id': '219618221173637120'}, 'game': {'name': 'NoLimits 2', 'timestamps': {'start': 1513451613726}, 'type': 0}, 'status': 'online'}, {'user': {'id': '219634731237507073'}, 'game': {'name': ' with snow', 'timestamps': {'start': 1513338001163}, 'type': 0}, 'status': 'dnd'}, {'user': {'id': '219687936394788864'}, 'game': None, 'status': 'idle'}, {'user': {'id': '275744095232589825'}, 'game': None, 'status': 'online'}, {'user': {'id': '391800445112287252'}, 'game': None, 'status': 'online'}], 'unavailable': False, 'voice_states': [], 'members': [{'user': {'discriminator': '8679', 'avatar': 'd0dce6bd8ac0b80a1950f0481f91f308', 'id': '108689770716069888', 'username': 'discordian'}, 'mute': False, 'roles': ['254818678040821761'], 'joined_at': '2016-12-04T03:50:17.532000+00:00', 'deaf': False}, {'user': {'discriminator': '1942', 'avatar': '17362fed61afe498570337d56416f22b', 'id': '127509778246139904', 'username': 'RinaVanguard'}, 'mute': False, 'roles': [], 'joined_at': '2016-12-22T03:00:44.338000+00:00', 'deaf': False}, {'user': {'discriminator': '7087', 'avatar': 'df5a86806825932f074269df067215c5', 'id': '131584900452057098', 'username': 'voidd'}, 'mute': False, 'roles': [], 'joined_at': '2017-01-08T21:40:18.217000+00:00', 'deaf': False}, {'mute': False, 'roles': [], 'nick': 'Venus ♀', 'deaf': False, 'user': {'discriminator': '5579', 'avatar': '1a4f4d3c8e4cffe2d931a74e0eebe313', 'id': '149969921424621569', 'username': 'Veen'}, 'joined_at': '2017-07-27T02:40:16.088000+00:00'}, {'user': {'discriminator': '1281', 'avatar': 'de57826f162b24f3fcfe53592cddf7f6', 'id': '152836117165506562', 'username': 'Neko'}, 'mute': False, 'roles': [], 'joined_at': '2017-02-19T00:13:34.650000+00:00', 'deaf': False}, {'user': {'discriminator': '1170', 'avatar': '9139b9bbb02d8970f2358eee561153af', 'id': '159148610754314241', 'username': 'kerser'}, 'mute': False, 'roles': [], 'joined_at': '2017-03-26T08:36:43.362000+00:00', 'deaf': False}, {'user': {'discriminator': '3450', 'avatar': '14e2f6acb66dd406446422c40f670f0e', 'id': '187213240843894784', 'username': 'Rextide Designs'}, 'mute': False, 'roles': [], 'joined_at': '2017-05-19T12:33:10.007000+00:00', 'deaf': False}, {'user': {'discriminator': '7688', 'avatar': '4a7dd0834d14bfd0d941d91a7179320f', 'id': '206922134948282379', 'username': 'Solrac'}, 'mute': False, 'roles': [], 'joined_at': '2017-08-16T03:44:48.595000+00:00', 'deaf': False}, {'mute': False, 'roles': [], 'nick': 'gabe', 'deaf': False, 'user': {'discriminator': '0931', 'avatar': '8f794e01cd16b4540c01ef45d0c07180', 'id': '219618221173637120', 'username': 'gabe'}, 'joined_at': '2016-12-04T04:02:07.705000+00:00'}, {'user': {'discriminator': '9562', 'avatar': '5a6a5073da1e37c83c99fd066250c1ec', 'id': '219634731237507073', 'username': '❀ erio ❀'}, 'mute': False, 'roles': [], 'joined_at': '2016-12-04T04:01:55.853000+00:00', 'deaf': False}, {'user': {'discriminator': '3562', 'avatar': '6e84cf010006eb640d7edc33b8a99063', 'id': '219687936394788864', 'username': 'Nickster2230'}, 'mute': False, 'roles': [], 'joined_at': '2017-01-13T03:19:57.313000+00:00', 'deaf': False}, {'user': {'discriminator': '6969', 'bot': True, 'id': '225752230249234433', 'avatar': '08f087544268338e2403b8bf7e32c9f3', 'username': 'Sad Machine'}, 'mute': True, 'roles': ['254817876874100736'], 'joined_at': '2016-12-04T03:52:03.899000+00:00', 'deaf': True}, {'user': {'discriminator': '3262', 'avatar': 'ba64bf664e992e3754d863a630aada92', 'id': '248486320165486594', 'username': 'discord.ian'}, 'mute': False, 'roles': [], 'joined_at': '2017-04-26T23:22:01.414000+00:00', 'deaf': False}, {'user': {'discriminator': '6410', 'avatar': '772c01cb4482be4b9592a4014ce1a8a1', 'id': '252638389893988354', 'username': 'Taihei (太平)'}, 'mute': False, 'roles': [], 'joined_at': '2016-12-04T04:01:53.064000+00:00', 'deaf': False}, {'user': {'discriminator': '4117', 'avatar': '00076f22f7b71097d8172bae59f33a24', 'id': '254101133805486082', 'username': 'kerser'}, 'mute': False, 'roles': [], 'joined_at': '2017-04-06T16:08:44.393000+00:00', 'deaf': False}, {'user': {'discriminator': '4569', 'avatar': '05b716fd0ccda8366991ff8ac0a55204', 'id': '260271027576111105', 'username': 'stargirl'}, 'mute': False, 'roles': [], 'joined_at': '2017-07-27T02:37:45.049000+00:00', 'deaf': False}, {'user': {'discriminator': '7307', 'bot': True, 'id': '266028462362329088', 'avatar': '5ea0f1a8e98d7c0e4d5f3e4994197b14', 'username': 'dis-rpg-cord'}, 'mute': False, 'roles': ['254817876874100736'], 'joined_at': '2017-10-19T14:24:59.858000+00:00', 'deaf': False}, {'user': {'discriminator': '5132', 'avatar': None, 'id': '272444968713584650', 'username': 'is anyone there?'}, 'mute': False, 'roles': [], 'joined_at': '2017-01-22T00:02:10.487000+00:00', 'deaf': False}, {'user': {'discriminator': '8485', 'bot': True, 'id': '275744095232589825', 'avatar': 'dddf339013edf39fc32d27cb9aac5992', 'username': 'Outs In Free'}, 'mute': False, 'roles': ['254817876874100736'], 'joined_at': '2017-07-16T18:12:28.026000+00:00', 'deaf': False}, {'user': {'discriminator': '0637', 'bot': True, 'id': '314958642325749761', 'avatar': 'e076665c53cee1a7b7a344be52673175', 'username': 'M.C.I.Bot'}, 'mute': False, 'roles': ['254817876874100736', '314960222533713931'], 'joined_at': '2017-05-19T02:59:28.767000+00:00', 'deaf': False}, {'user': {'discriminator': '4446', 'avatar': '0576fe47a33043397ac17a19665f3adb', 'id': '315801463681187841', 'username': 'please dont cum'}, 'mute': False, 'roles': [], 'joined_at': '2017-09-18T07:58:03.322000+00:00', 'deaf': False}, {'user': {'discriminator': '1573', 'avatar': None, 'id': '330209436096266253', 'username': 'meme sucker 420'}, 'mute': False, 'roles': [], 'joined_at': '2017-06-30T04:56:05.421000+00:00', 'deaf': False}, {'user': {'discriminator': '4846', 'avatar': None, 'id': '330454303615614978', 'username': 'linx'}, 'mute': False, 'roles': [], 'joined_at': '2017-06-30T21:08:39.865000+00:00', 'deaf': False}, {'user': {'discriminator': '0322', 'bot': True, 'id': '391800445112287252', 'avatar': '8aa5dd9a79fc7f7940cc32750abf7487', 'username': 'Stunning-Image'}, 'mute': False, 'roles': [], 'joined_at': '2017-12-17T03:58:20.593889+00:00', 'deaf': False}], 'system_channel_id': None, 'large': False, 'member_count': 24, 'channels': [{'topic': '', 'last_message_id': '371669896632729601', 'permission_overwrites': [{'deny': 0, 'allow': 2048, 'id': '108689770716069888', 'type': 'member'}, {'deny': 0, 'allow': 2048, 'id': '187213240843894784', 'type': 'member'}, {'deny': 522304, 'allow': 0, 'id': '254816623989358602', 'type': 'role'}], 'name': 'unknown', 'type': 0, 'position': 5, 'last_pin_timestamp': '2016-12-22T03:06:37.820000+00:00', 'id': '254816623989358602'}, {'name': 'General', 'type': 2, 'permission_overwrites': [{'deny': 0, 'allow': 33554432, 'id': '254816623989358602', 'type': 'role'}], 'id': '254816624471834624', 'bitrate': 64000, 'user_limit': 0, 'position': 0}, {'topic': None, 'last_message_id': '371670039465558036', 'permission_overwrites': [], 'name': 'dev-space', 'type': 0, 'position': 3, 'last_pin_timestamp': '2017-01-06T03:03:15.228000+00:00', 'id': '254818154184704000'}, {'topic': '', 'permission_overwrites': [{'deny': 2048, 'allow': 0, 'id': '254816623989358602', 'type': 'role'}], 'name': 'annoucments', 'type': 0, 'position': 0, 'last_message_id': '314152814341390347', 'id': '254818171679277067'}, {'name': 'Music', 'type': 2, 'permission_overwrites': [], 'id': '254820341837332481', 'bitrate': 64000, 'user_limit': 0, 'position': 1}, {'topic': '', 'permission_overwrites': [], 'name': 'bot-commands', 'type': 0, 'position': 2, 'last_message_id': '371672560208838657', 'id': '254821112842682369'}, {'name': "we-need-our-own-music-channel-because-we're-special", 'type': 2, 'permission_overwrites': [{'deny': 0, 'allow': 1048576, 'id': '254817876874100736', 'type': 'role'}, {'deny': 0, 'allow': 1048576, 'id': '254818678040821761', 'type': 'role'}, {'deny': 0, 'allow': 1048576, 'id': '254818813713842176', 'type': 'role'}, {'deny': 1048576, 'allow': 0, 'id': '254816623989358602', 'type': 'role'}, {'deny': 0, 'allow': 1048576, 'id': '254818747401895936', 'type': 'role'}, {'deny': 0, 'allow': 1048576, 'id': '254818705102340096', 'type': 'role'}], 'id': '254821513474080768', 'bitrate': 64000, 'user_limit': 0, 'position': 2}, {'topic': None, 'permission_overwrites': [{'deny': 0, 'allow': 1024, 'id': '254817876874100736', 'type': 'role'}, {'deny': 1024, 'allow': 0, 'id': '254816623989358602', 'type': 'role'}], 'name': 'bot-start', 'type': 0, 'position': 6, 'last_message_id': '371671230690099210', 'id': '260125612662849546'}, {'topic': None, 'permission_overwrites': [], 'name': 'suggestions', 'type': 0, 'position': 4, 'last_message_id': '267856159958892546', 'id': '264430668262408193'}, {'topic': '', 'permission_overwrites': [{'deny': 0, 'allow': 537394257, 'id': '254818678040821761', 'type': 'role'}, {'deny': 456768, 'allow': 0, 'id': '254816623989358602', 'type': 'role'}], 'name': 'bot-log', 'type': 0, 'position': 7, 'last_message_id': '302971516151136256', 'id': '302616804658905088'}, {'topic': '', 'permission_overwrites': [{'deny': 1024, 'allow': 0, 'id': '254816623989358602', 'type': 'role'}], 'name': 'nsfw-memes', 'type': 0, 'position': 8, 'last_message_id': '323905259988844544', 'id': '316968534536093699'}, {'topic': None, 'permission_overwrites': [{'deny': 1024, 'allow': 0, 'id': '254817876874100736', 'type': 'role'}, {'deny': 1024, 'allow': 0, 'id': '254816623989358602', 'type': 'role'}], 'name': 'test', 'type': 0, 'position': 9, 'last_message_id': '335556398085701632', 'id': '335556182632562688'}, {'topic': None, 'permission_overwrites': [{'deny': 0, 'allow': 1024, 'id': '254817876874100736', 'type': 'role'}, {'deny': 1024, 'allow': 0, 'id': '254816623989358602', 'type': 'role'}], 'name': 'twitter-test', 'type': 0, 'position': 10, 'last_message_id': '370578910133485569', 'id': '339143035277541376'}, {'topic': None, 'permission_overwrites': [], 'name': 'general', 'type': 0, 'position': 1, 'last_message_id': '359290383328346122', 'id': '349368284182740994'}], 'icon': '9884d92c8fcc3c69b47b8006336a36e7', 'afk_channel_id': None, 'application_id': None, 'emojis': [{'managed': False, 'roles': [], 'name': 'sadmachine', 'require_colons': True, 'id': '254818266462027786'}, {'managed': False, 'roles': [], 'name': 'worlds', 'require_colons': True, 'id': '267797388205228032'}, {'managed': False, 'roles': [], 'name': 'weary_drops', 'require_colons': True, 'id': '277963487714476032'}, {'managed': False, 'roles': [], 'name': 'ordne', 'require_colons': True, 'id': '292059226023395329'}], 'splash': None, 'afk_timeout': 300, 'owner_id': '108689770716069888', 'region': 'us-central', 'roles': [{'color': 0, 'name': '@everyone', 'hoist': False, 'permissions': 104320065, 'mentionable': False, 'managed': False, 'id': '254816623989358602', 'position': 0}, {'color': 1146986, 'name': 'Bot', 'hoist': True, 'permissions': 104324161, 'mentionable': True, 'managed': False, 'id': '254817876874100736', 'position': 7}, {'color': 10181046, 'name': 'Developer', 'hoist': True, 'permissions': 104320065, 'mentionable': True, 'managed': False, 'id': '254818678040821761', 'position': 3}, {'color': 3447003, 'name': 'Ferry', 'hoist': True, 'permissions': 104320065, 'mentionable': True, 'managed': False, 'id': '254818705102340096', 'position': 4}, {'color': 11342935, 'name': 'Radio', 'hoist': True, 'permissions': 104320065, 'mentionable': True, 'managed': False, 'id': '254818747401895936', 'position': 6}, {'color': 5533306, 'name': 'Rocks', 'hoist': True, 'permissions': 104320065, 'mentionable': True, 'managed': False, 'id': '254818813713842176', 'position': 5}, {'color': 10181046, 'name': 'Patron', 'hoist': False, 'permissions': 104320065, 'mentionable': True, 'managed': False, 'id': '254988397544865792', 'position': 2}, {'color': 0, 'name': 'M.C.I.Bot', 'hoist': False, 'permissions': 36711424, 'mentionable': False, 'managed': True, 'id': '314960222533713931', 'position': 1}], 'verification_level': 0, 'id': '254816623989358602', 'joined_at': '2017-12-17T03:58:20.593889+00:00', 'explicit_content_filter': 0, 'features': [], 'default_message_notifications': 0}}
2017-12-16 22:07:29,218:DEBUG:discord.client: Dispatching event socket_response
2017-12-16 22:07:29,219:DEBUG:discord.client: Dispatching event guild_available
2017-12-16 22:07:31,203:DEBUG:discord.client: Dispatching event ready
2017-12-16 22:07:31,814:DEBUG:discord.http: POST https://discordapp.com/api/v7/users/@me/channels with {"recipient_id":108689770716069888} has returned 200
2017-12-16 22:07:31,814:DEBUG:discord.http: POST https://discordapp.com/api/v7/users/@me/channels has received {'recipients': [{'discriminator': '8679', 'avatar': 'd0dce6bd8ac0b80a1950f0481f91f308', 'id': '108689770716069888', 'username': 'discordian'}], 'last_message_id': '391801358396686337', 'id': '391801350104678414', 'type': 1}
2017-12-16 22:07:31,820:DEBUG:discord.client: Dispatching event socket_raw_receive
2017-12-16 22:07:31,820:DEBUG:discord.gateway: For Shard ID None: WebSocket Event: {'s': 3, 't': 'CHANNEL_CREATE', 'op': 0, 'd': {'last_message_id': '391801358396686337', 'id': '391801350104678414', 'recipients': [{'discriminator': '8679', 'avatar': 'd0dce6bd8ac0b80a1950f0481f91f308', 'id': '108689770716069888', 'username': 'discordian'}], 'type': 1}}
2017-12-16 22:07:31,820:DEBUG:discord.client: Dispatching event socket_response
2017-12-16 22:07:32,404:DEBUG:discord.client: Dispatching event socket_raw_receive
2017-12-16 22:07:32,404:DEBUG:discord.gateway: For Shard ID None: WebSocket Event: {'s': 4, 't': 'CHANNEL_CREATE', 'op': 0, 'd': {'last_message_id': '391803573710880770', 'id': '391801350104678414', 'recipients': [{'discriminator': '8679', 'avatar': 'd0dce6bd8ac0b80a1950f0481f91f308', 'id': '108689770716069888', 'username': 'discordian'}], 'type': 1}}
2017-12-16 22:07:32,404:DEBUG:discord.client: Dispatching event socket_response
2017-12-16 22:07:32,404:DEBUG:discord.client: Dispatching event socket_raw_receive
2017-12-16 22:07:32,404:DEBUG:discord.gateway: For Shard ID None: WebSocket Event: {'s': 5, 't': 'MESSAGE_CREATE', 'op': 0, 'd': {'tts': False, 'type': 0, 'mention_roles': [], 'attachments': [], 'edited_timestamp': None, 'embeds': [], 'nonce': None, 'content': 'Bot starting at `2017-12-16 22:07:31`', 'mentions': [], 'channel_id': '391801350104678414', 'id': '391803573710880770', 'pinned': False, 'timestamp': '2017-12-17T04:07:31.331000+00:00', 'mention_everyone': False, 'author': {'discriminator': '0322', 'bot': True, 'id': '391800445112287252', 'avatar': '8aa5dd9a79fc7f7940cc32750abf7487', 'username': 'Stunning-Image'}}}
2017-12-16 22:07:32,404:DEBUG:discord.client: Dispatching event socket_response
2017-12-16 22:07:32,404:DEBUG:discord.client: Dispatching event message
2017-12-16 22:07:32,416:DEBUG:discord.http: POST https://discordapp.com/api/v7/channels/391801350104678414/messages with {"content":"Bot starting at `2017-12-16 22:07:31`"} has returned 200
2017-12-16 22:07:32,417:DEBUG:discord.http: POST https://discordapp.com/api/v7/channels/391801350104678414/messages has received {'author': {'discriminator': '0322', 'bot': True, 'id': '391800445112287252', 'avatar': '8aa5dd9a79fc7f7940cc32750abf7487', 'username': 'Stunning-Image'}, 'type': 0, 'mention_roles': [], 'attachments': [], 'edited_timestamp': None, 'embeds': [], 'nonce': None, 'content': 'Bot starting at `2017-12-16 22:07:31`', 'mentions': [], 'channel_id': '391801350104678414', 'id': '391803573710880770', 'pinned': False, 'timestamp': '2017-12-17T04:07:31.331000+00:00', 'mention_everyone': False, 'tts': False}
2017-12-16 22:08:04,455:DEBUG:discord.client: Dispatching event socket_raw_receive
2017-12-16 22:08:04,455:DEBUG:discord.gateway: For Shard ID None: WebSocket Event: {'s': 6, 't': 'TYPING_START', 'op': 0, 'd': {'channel_id': '391801350104678414', 'user_id': '108689770716069888', 'timestamp': 1513483683}}
2017-12-16 22:08:04,455:DEBUG:discord.client: Dispatching event socket_response
2017-12-16 22:08:04,455:DEBUG:discord.client: Dispatching event typing
2017-12-16 22:08:05,431:DEBUG:discord.client: Dispatching event socket_raw_receive
2017-12-16 22:08:05,431:DEBUG:discord.gateway: For Shard ID None: WebSocket Event: {'s': 7, 't': 'CHANNEL_CREATE', 'op': 0, 'd': {'last_message_id': '391803711997083660', 'id': '391801350104678414', 'recipients': [{'discriminator': '8679', 'avatar': 'd0dce6bd8ac0b80a1950f0481f91f308', 'id': '108689770716069888', 'username': 'discordian'}], 'type': 1}}
2017-12-16 22:08:05,431:DEBUG:discord.client: Dispatching event socket_response
2017-12-16 22:08:05,432:DEBUG:discord.client: Dispatching event socket_raw_receive
2017-12-16 22:08:05,432:DEBUG:discord.gateway: For Shard ID None: WebSocket Event: {'s': 8, 't': 'MESSAGE_CREATE', 'op': 0, 'd': {'tts': False, 'type': 0, 'mention_roles': [], 'attachments': [], 'edited_timestamp': None, 'embeds': [], 'nonce': '391803714161082368', 'content': '`help', 'mentions': [], 'channel_id': '391801350104678414', 'id': '391803711997083660', 'pinned': False, 'timestamp': '2017-12-17T04:08:04.301000+00:00', 'mention_everyone': False, 'author': {'discriminator': '8679', 'avatar': 'd0dce6bd8ac0b80a1950f0481f91f308', 'id': '108689770716069888', 'username': 'discordian'}}}
2017-12-16 22:08:05,432:DEBUG:discord.client: Dispatching event socket_response
2017-12-16 22:08:05,432:DEBUG:discord.client: Dispatching event message
2017-12-16 22:08:05,432:DEBUG:discord.client: Dispatching event command
2017-12-16 22:08:06,156:DEBUG:discord.client: Dispatching event socket_raw_receive
2017-12-16 22:08:06,156:DEBUG:discord.gateway: For Shard ID None: WebSocket Event: {'s': 9, 't': 'CHANNEL_CREATE', 'op': 0, 'd': {'last_message_id': '391803715431956481', 'id': '391801350104678414', 'recipients': [{'discriminator': '8679', 'avatar': 'd0dce6bd8ac0b80a1950f0481f91f308', 'id': '108689770716069888', 'username': 'discordian'}], 'type': 1}}
2017-12-16 22:08:06,156:DEBUG:discord.client: Dispatching event socket_response
2017-12-16 22:08:06,157:DEBUG:discord.client: Dispatching event socket_raw_receive
2017-12-16 22:08:06,157:DEBUG:discord.gateway: For Shard ID None: WebSocket Event: {'s': 10, 't': 'MESSAGE_CREATE', 'op': 0, 'd': {'tts': False, 'type': 0, 'mention_roles': [], 'attachments': [], 'edited_timestamp': None, 'embeds': [], 'nonce': None, 'content': '```\nuchuubranko; cXZmcGJlcXZuYQ0K; Discordian;\n\n\u200bNo Category:\n  help Shows this message.\n\nType `help command for more info on a command.\nYou can also type `help category for more info on a category.\n```', 'mentions': [], 'channel_id': '391801350104678414', 'id': '391803715431956481', 'pinned': False, 'timestamp': '2017-12-17T04:08:05.120000+00:00', 'mention_everyone': False, 'author': {'discriminator': '0322', 'bot': True, 'id': '391800445112287252', 'avatar': '8aa5dd9a79fc7f7940cc32750abf7487', 'username': 'Stunning-Image'}}}
2017-12-16 22:08:06,157:DEBUG:discord.client: Dispatching event socket_response
2017-12-16 22:08:06,157:DEBUG:discord.client: Dispatching event message
2017-12-16 22:08:06,162:DEBUG:discord.http: POST https://discordapp.com/api/v7/channels/391801350104678414/messages with {"content":"```\nuchuubranko; cXZmcGJlcXZuYQ0K; Discordian;\n\n\u200bNo Category:\n  help Shows this message.\n\nType `help command for more info on a command.\nYou can also type `help category for more info on a category.\n```"} has returned 200
2017-12-16 22:08:06,162:DEBUG:discord.http: POST https://discordapp.com/api/v7/channels/391801350104678414/messages has received {'author': {'discriminator': '0322', 'bot': True, 'id': '391800445112287252', 'avatar': '8aa5dd9a79fc7f7940cc32750abf7487', 'username': 'Stunning-Image'}, 'type': 0, 'mention_roles': [], 'attachments': [], 'edited_timestamp': None, 'embeds': [], 'nonce': None, 'content': '```\nuchuubranko; cXZmcGJlcXZuYQ0K; Discordian;\n\n\u200bNo Category:\n  help Shows this message.\n\nType `help command for more info on a command.\nYou can also type `help category for more info on a category.\n```', 'mentions': [], 'channel_id': '391801350104678414', 'id': '391803715431956481', 'pinned': False, 'timestamp': '2017-12-17T04:08:05.120000+00:00', 'mention_everyone': False, 'tts': False}
2017-12-16 22:08:06,163:DEBUG:discord.client: Dispatching event command_completion
2017-12-16 22:08:07,793:DEBUG:discord.client: Dispatching event socket_raw_receive
2017-12-16 22:08:07,793:DEBUG:discord.gateway: For Shard ID None: WebSocket Event: {'s': 11, 't': 'TYPING_START', 'op': 0, 'd': {'channel_id': '391801350104678414', 'user_id': '108689770716069888', 'timestamp': 1513483686}}
2017-12-16 22:08:07,793:DEBUG:discord.client: Dispatching event socket_response
2017-12-16 22:08:07,793:DEBUG:discord.client: Dispatching event typing
2017-12-16 22:08:08,039:DEBUG:discord.client: Dispatching event socket_raw_receive
2017-12-16 22:08:08,039:DEBUG:discord.gateway: For Shard ID None: WebSocket Event: {'s': 12, 't': 'CHANNEL_CREATE', 'op': 0, 'd': {'last_message_id': '391803723157995530', 'id': '391801350104678414', 'recipients': [{'discriminator': '8679', 'avatar': 'd0dce6bd8ac0b80a1950f0481f91f308', 'id': '108689770716069888', 'username': 'discordian'}], 'type': 1}}
2017-12-16 22:08:08,040:DEBUG:discord.client: Dispatching event socket_response
2017-12-16 22:08:08,042:DEBUG:discord.client: Dispatching event socket_raw_receive
2017-12-16 22:08:08,042:DEBUG:discord.gateway: For Shard ID None: WebSocket Event: {'s': 13, 't': 'MESSAGE_CREATE', 'op': 0, 'd': {'tts': False, 'type': 0, 'mention_roles': [], 'attachments': [], 'edited_timestamp': None, 'embeds': [], 'nonce': '391803725158547456', 'content': 'haha', 'mentions': [], 'channel_id': '391801350104678414', 'id': '391803723157995530', 'pinned': False, 'timestamp': '2017-12-17T04:08:06.962000+00:00', 'mention_everyone': False, 'author': {'discriminator': '8679', 'avatar': 'd0dce6bd8ac0b80a1950f0481f91f308', 'id': '108689770716069888', 'username': 'discordian'}}}
2017-12-16 22:08:08,042:DEBUG:discord.client: Dispatching event socket_response
2017-12-16 22:08:08,042:DEBUG:discord.client: Dispatching event message
2017-12-16 22:08:09,803:DEBUG:discord.client: Dispatching event socket_raw_receive
2017-12-16 22:08:09,803:DEBUG:discord.gateway: For Shard ID None: WebSocket Event: {'s': 14, 't': 'TYPING_START', 'op': 0, 'd': {'channel_id': '391801350104678414', 'user_id': '108689770716069888', 'timestamp': 1513483688}}
2017-12-16 22:08:09,803:DEBUG:discord.client: Dispatching event socket_response
2017-12-16 22:08:09,803:DEBUG:discord.client: Dispatching event typing
2017-12-16 22:08:09,856:DEBUG:discord.gateway: Keeping websocket alive with sequence 14.
2017-12-16 22:08:10,424:DEBUG:discord.client: Dispatching event socket_raw_receive
2017-12-16 22:08:10,424:DEBUG:discord.gateway: For Shard ID None: WebSocket Event: {'s': None, 't': None, 'op': 11, 'd': None}
2017-12-16 22:08:10,424:DEBUG:discord.client: Dispatching event socket_response
2017-12-16 22:08:13,392:DEBUG:discord.client: Dispatching event socket_raw_receive
2017-12-16 22:08:13,393:DEBUG:discord.gateway: For Shard ID None: WebSocket Event: {'s': 15, 't': 'CHANNEL_CREATE', 'op': 0, 'd': {'last_message_id': '391803746025209876', 'id': '391801350104678414', 'recipients': [{'discriminator': '8679', 'avatar': 'd0dce6bd8ac0b80a1950f0481f91f308', 'id': '108689770716069888', 'username': 'discordian'}], 'type': 1}}
2017-12-16 22:08:13,393:DEBUG:discord.client: Dispatching event socket_response
2017-12-16 22:08:13,393:DEBUG:discord.client: Dispatching event socket_raw_receive
2017-12-16 22:08:13,393:DEBUG:discord.gateway: For Shard ID None: WebSocket Event: {'s': 16, 't': 'MESSAGE_CREATE', 'op': 0, 'd': {'tts': False, 'type': 0, 'mention_roles': [], 'attachments': [], 'edited_timestamp': None, 'embeds': [], 'nonce': '391803747610656768', 'content': 'hello my child', 'mentions': [], 'channel_id': '391801350104678414', 'id': '391803746025209876', 'pinned': False, 'timestamp': '2017-12-17T04:08:12.414000+00:00', 'mention_everyone': False, 'author': {'discriminator': '8679', 'avatar': 'd0dce6bd8ac0b80a1950f0481f91f308', 'id': '108689770716069888', 'username': 'discordian'}}}
2017-12-16 22:08:13,393:DEBUG:discord.client: Dispatching event socket_response
2017-12-16 22:08:13,393:DEBUG:discord.client: Dispatching event message
2017-12-16 22:08:16,199:DEBUG:discord.client: Dispatching event socket_raw_receive
2017-12-16 22:08:16,199:DEBUG:discord.gateway: For Shard ID None: WebSocket Event: {'s': 17, 't': 'MESSAGE_DELETE', 'op': 0, 'd': {'channel_id': '391801350104678414', 'id': '391803746025209876'}}
2017-12-16 22:08:16,199:DEBUG:discord.client: Dispatching event socket_response
2017-12-16 22:08:16,199:DEBUG:discord.client: Dispatching event raw_message_delete
2017-12-16 22:08:16,199:DEBUG:discord.client: Dispatching event message_delete
2017-12-16 22:08:17,963:DEBUG:discord.client: Dispatching event socket_raw_receive
2017-12-16 22:08:17,964:DEBUG:discord.gateway: For Shard ID None: WebSocket Event: {'s': 18, 't': 'MESSAGE_DELETE', 'op': 0, 'd': {'channel_id': '391801350104678414', 'id': '391803723157995530'}}
2017-12-16 22:08:17,964:DEBUG:discord.client: Dispatching event socket_response
2017-12-16 22:08:17,964:DEBUG:discord.client: Dispatching event raw_message_delete
2017-12-16 22:08:17,964:DEBUG:discord.client: Dispatching event message_delete
2017-12-16 22:08:51,107:DEBUG:discord.gateway: Keeping websocket alive with sequence 18.
2017-12-16 22:08:51,699:DEBUG:discord.client: Dispatching event socket_raw_receive
2017-12-16 22:08:51,699:DEBUG:discord.gateway: For Shard ID None: WebSocket Event: {'s': None, 't': None, 'op': 11, 'd': None}
2017-12-16 22:08:51,699:DEBUG:discord.client: Dispatching event socket_response
